<?xml version="1.0" encoding="UTF-8"?>
<!-- Generated by org.testng.reporters.JUnitXMLReporter -->
<testsuite ignored="0" hostname="BAGHBAN" failures="0" tests="4" name="PetTest" time="4.508" errors="0" timestamp="2024-02-06T10:56:25 PST">
  <testcase classname="api.test.UserTests2" name="testPostUser" time="2.171"/>
  <testcase classname="api.test.UserTests2" name="getUserByName" time="0.481"/>
  <testcase classname="api.test.UserTests2" name="updateUserByName" time="0.923"/>
  <testcase classname="api.test.UserTests2" name="deleteUserByName" time="0.441"/>
</testsuite> <!-- PetTest -->
