<?xml version="1.0" encoding="UTF-8"?>
<!-- Generated by org.testng.reporters.JUnitXMLReporter -->
<testsuite ignored="0" hostname="BAGHBAN" failures="0" tests="4" name="PetTest" time="4.31" errors="0" timestamp="2024-02-08T11:53:28 PST">
  <testcase classname="api.test.UserTests2" name="testPostUser" time="2.002"/>
  <testcase classname="api.test.UserTests2" name="getUserByName" time="0.486"/>
  <testcase classname="api.test.UserTests2" name="updateUserByName" time="0.973"/>
  <testcase classname="api.test.UserTests2" name="deleteUserByName" time="0.449"/>
</testsuite> <!-- PetTest -->
