<?xml version="1.0" encoding="UTF-8"?>
<!-- Generated by org.testng.reporters.JUnitXMLReporter -->
<testsuite ignored="0" hostname="BAGHBAN" failures="0" tests="10" name="Default test" time="8.133" errors="0" timestamp="2024-01-30T14:42:43 PST">
  <testcase classname="api.test.DDTests" name="testPostuser" time="2.493"/>
  <testcase classname="api.test.DDTests" name="testPostuser" time="0.455"/>
  <testcase classname="api.test.DDTests" name="testPostuser" time="0.451"/>
  <testcase classname="api.test.DDTests" name="testPostuser" time="0.464"/>
  <testcase classname="api.test.DDTests" name="testPostuser" time="0.446"/>
  <testcase classname="api.test.DDTests" name="testDeleteUserByName" time="0.465"/>
  <testcase classname="api.test.DDTests" name="testDeleteUserByName" time="0.445"/>
  <testcase classname="api.test.DDTests" name="testDeleteUserByName" time="0.44"/>
  <testcase classname="api.test.DDTests" name="testDeleteUserByName" time="0.444"/>
  <testcase classname="api.test.DDTests" name="testDeleteUserByName" time="0.436"/>
</testsuite> <!-- Default test -->
