<?xml version="1.0" encoding="UTF-8"?>
<testng-results ignored="0" total="4" passed="4" failed="0" skipped="0">
  <reporter-output>
  </reporter-output>
  <suite started-at="2024-02-08T12:15:27 PST" name="PetStoreSuite" finished-at="2024-02-08T12:15:31 PST" duration-ms="4513">
    <groups>
    </groups>
    <test started-at="2024-02-08T12:15:27 PST" name="PetTest" finished-at="2024-02-08T12:15:31 PST" duration-ms="4513">
      <class name="api.test.UserTests2">
        <test-method is-config="true" signature="setData()[pri:0, instance:api.test.UserTests2@6574a52c]" started-at="2024-02-08T12:15:27 PST" name="setData" finished-at="2024-02-08T12:15:27 PST" duration-ms="165" status="PASS">
          <reporter-output>
          </reporter-output>
        </test-method> <!-- setData -->
        <test-method signature="testPostUser()[pri:1, instance:api.test.UserTests2@6574a52c]" started-at="2024-02-08T12:15:27 PST" name="testPostUser" finished-at="2024-02-08T12:15:30 PST" duration-ms="2211" status="PASS">
          <reporter-output>
          </reporter-output>
        </test-method> <!-- testPostUser -->
        <test-method signature="getUserByName()[pri:2, instance:api.test.UserTests2@6574a52c]" started-at="2024-02-08T12:15:30 PST" name="getUserByName" finished-at="2024-02-08T12:15:30 PST" duration-ms="483" status="PASS">
          <reporter-output>
          </reporter-output>
        </test-method> <!-- getUserByName -->
        <test-method signature="updateUserByName()[pri:3, instance:api.test.UserTests2@6574a52c]" started-at="2024-02-08T12:15:30 PST" name="updateUserByName" finished-at="2024-02-08T12:15:31 PST" duration-ms="948" status="PASS">
          <reporter-output>
          </reporter-output>
        </test-method> <!-- updateUserByName -->
        <test-method signature="deleteUserByName()[pri:4, instance:api.test.UserTests2@6574a52c]" started-at="2024-02-08T12:15:31 PST" name="deleteUserByName" finished-at="2024-02-08T12:15:31 PST" duration-ms="450" status="PASS">
          <reporter-output>
          </reporter-output>
        </test-method> <!-- deleteUserByName -->
      </class> <!-- api.test.UserTests2 -->
    </test> <!-- PetTest -->
  </suite> <!-- PetStoreSuite -->
</testng-results>
