<?xml version="1.0" encoding="UTF-8"?>
<!-- Generated by org.testng.reporters.JUnitXMLReporter -->
<testsuite ignored="0" hostname="BAGHBAN" failures="0" tests="4" name="PetTest" time="6.461" errors="0" timestamp="2024-02-05T18:58:24 PST">
  <testcase classname="api.test.UserTests2" name="testPostUser" time="3.239"/>
  <testcase classname="api.test.UserTests2" name="getUserByName" time="0.54"/>
  <testcase classname="api.test.UserTests2" name="updateUserByName" time="0.971"/>
  <testcase classname="api.test.UserTests2" name="deleteUserByName" time="0.501"/>
</testsuite> <!-- PetTest -->
